<?xml version="1.0" encoding="UTF-8"?>
<!-- Generated by org.testng.reporters.JUnitReportReporter -->
<testsuite skipped="0" hostname="LAPTOP-PP7LTPN0" name="kdf.Application" tests="1" failures="0" timestamp="13 Aug 2020 17:04:43 GMT" time="115.767" errors="0">
  <testcase name="verifyInvalidLogin" time="115.767" classname="kdf.Application"/>
</testsuite> <!-- kdf.Application -->
