<?xml version="1.0" encoding="UTF-8"?>
<!-- Generated by org.testng.reporters.JUnitReportReporter -->
<testsuite skipped="0" hostname="LAPTOP-PP7LTPN0" name="com.webappsecurity.zero.TestScripts.VerifyFundTrasnferTest" tests="1" failures="0" timestamp="12 Aug 2020 17:14:14 GMT" time="67.001" errors="0">
  <testcase name="verifyFundTransfer" time="67.001" classname="com.webappsecurity.zero.TestScripts.VerifyFundTrasnferTest"/>
</testsuite> <!-- com.webappsecurity.zero.TestScripts.VerifyFundTrasnferTest -->
